<?xml version="1.0" encoding="UTF-8"?>
<testsuite xmlns:xsi="http://www.w3.org/2001/XMLSchema-instance" xsi:noNamespaceSchemaLocation="https://maven.apache.org/surefire/maven-surefire-plugin/xsd/surefire-test-report-3.0.xsd" version="3.0" name="mm.min1moys.mchat.mention.TreeTest" time="0.372" tests="5" errors="0" skipped="0" failures="0">
  <properties>
[...]
</properties>
  <testcase name="constructColdpath" classname="mm.min1moys.mchat.mention.TreeTest" time="0.022">
    <system-out><![CDATA[Cold path tree construction took 0ms and 204649ns
]]></system-out>
  </testcase>
  <testcase name="constructHotpath" classname="mm.min1moys.mchat.mention.TreeTest" time="0.316">
    <system-out><![CDATA[Hot path tree construction took 0ms and 14215ns
]]></system-out>
  </testcase>
  <testcase name="visualize" classname="mm.min1moys.mchat.mention.TreeTest" time="0.004">
    <system-out><![CDATA[┌──A──q──u──a──V──o──r──t──e──x.
│  │        └──A──d──v──e──n──t──u──r──e──r.
│  └──r──c──t──i──c──A──r──c──h──i──t──e──c──t.
├──B──l──a──z──e──C──h──a──s──e──r.
│              └──B──a──r──d.
├──C──r──e──e──p──e──r──C──o──m──m──a──n──d──e──r.
│  │                    └──a──t──a──l──y──s──t.
│  ├──o──s──m──i──c──C──r──a──z──e.
│  └──e──l──e──s──t──i──a──l──C──r──a──f──t──e──r.
├──D──i──a──m──o──n──d──R──o──v──e──r.
│  │                 └──D──y──n──a──m──o.
│  └──r──a──g──o──n──D──r──e──a──m──e──r.
├──E──m──b──e──r──E──a──g──l──e.
│     │           └──l──e──m──e──n──t──a──l.
│  │  └──e──r──a──l──d──E──n──i──g──m──a.
│  └──n──d──e──r──E──x──p──l──o──r──e──r.
│     │           └──m──p──r──e──s──s.
│     └──c──h──a──n──t──e──d──E──x──p──l──o──r──e──r.
├──F──r──o──s──t──y──F──o──x──1──2──3.
├──G──a──l──a──c──t──i──c──N──o──m──a──d.
│  └──i──l──d──e──d──G──o──l──e──m.
├──I──r──o──n──W──a──n──d──e──r──e──r.
│           └──I──g──n──i──t──e──r.
├──J──u──n──g──l──e──W──h──i──s──p──e──r──e──r.
├──L──a──v──a──L──e──a──p──e──r.
│  │           └──u──m──i──n──a──r──y.
│  └──u──n──a──r──L──y──n──x.
│                 └──a──b──y──r──i──n──t──h.
├──M──y──s──t──i──c──C──r──a──f──t──e──r.
│                 └──M──a──n──g──o.
│                    └──u──l──e.
├──N──e──t──h──e──r──N──i──n──j──a──X.
│                    └──o──m──a──d.
├──O──b──s──i──d──i──a──n──O──r──a──c──l──e.
│                          └──a──s──i──s.
├──P──i──x──e──l──P──i──o──n──e──e──r.
│  │              ├──r──o──w──l──e──r.
│  │              └──a──l──a──d──i──n.
│  └──h──a──n──t──o──m──P──i──o──n──e──e──r.
├──Q──u──a──n──t──u──m──Q──u──a──s──a──r.
│                          └──i──l──l.
├──R──u──b──y──R──i──d──e──r.
│              └──o──g──u──e.
├──S──h──a──d──o──w──D──r──a──g──o──n──6──4.
│  ├──k──y──w──a──r──d──S──a──m──u──r──a──i.
│  ├──t──a──r──r──y──S──t──i──t──c──h──e──r.
│     │     └──l──i──g──h──t──S──e──e──k──e──r.
│  │  └──o──r──m──y──S──t──a──r──d──u──s──t.
│  │                 └──e──e──k──e──r.
│  ├──i──l──v──e──r──S──t──r──i──k──e──r.
│  └──u──n──l──i──t──S──o──r──c──e──r──e──r.
├──T──h──u──n──d──e──r──P──e──n──g──u──i──n.
│  ├──e──r──r──a──T──i──t──a──n──i──u──m.
│  └──w──i──l──i──g──h──t──T──i──n──k──e──r──e──r.
└──W──a──n──d──e──r──i──n──g──W──y──v──e──r──n.
]]></system-out>
  </testcase>
  <testcase name="matchtest" classname="mm.min1moys.mchat.mention.TreeTest" time="0.002"/>
  <testcase name="matchcold" classname="mm.min1moys.mchat.mention.TreeTest" time="0.003">
    <system-out><![CDATA[list split took 0ms and 432400ns
set  split took 0ms and 157023ns
tree split took 0ms and 158807ns
tree first took 0ms and 66489ns
tree many  took 0ms and 80233ns
]]></system-out>
  </testcase>
</testsuite>